[CreateDirs]
C:\rpgmaker\RTP=
C:\rpgmaker\RTP\Sound=
C:\rpgmaker\RTP\Music=
C:\rpgmaker\RTP\Movie=
C:\rpgmaker\RTP\Battle=
C:\rpgmaker\RTP\Monster=
C:\rpgmaker\RTP\CharSet=
C:\rpgmaker\RTP\ChipSet=
C:\rpgmaker\RTP\Backdrop=
C:\rpgmaker\RTP\FaceSet=
C:\rpgmaker\RTP\Picture=
C:\rpgmaker\RTP\Panorama=
C:\rpgmaker\RTP\GameOver=
C:\rpgmaker\RTP\System=
C:\rpgmaker\RTP\Title=

[CopyFiles]
C:\rpgmaker\RTP\Readme.txt=
C:\rpgmaker\RTP\Harmony.dll=
C:\rpgmaker\RTP\Sound\Absorption1.wav=
C:\rpgmaker\RTP\Sound\Absorption2.wav=
C:\rpgmaker\RTP\Sound\Annihilation1.wav=
C:\rpgmaker\RTP\Sound\Annihilation2.wav=
C:\rpgmaker\RTP\Sound\Attack1.wav=
C:\rpgmaker\RTP\Sound\Attack2.wav=
C:\rpgmaker\RTP\Sound\Barrier.wav=
C:\rpgmaker\RTP\Sound\Bell.wav=
C:\rpgmaker\RTP\Sound\Bite.wav=
C:\rpgmaker\RTP\Sound\Blow1.wav=
C:\rpgmaker\RTP\Sound\Blow2.wav=
C:\rpgmaker\RTP\Sound\Blow3.wav=
C:\rpgmaker\RTP\Sound\Blow4.wav=
C:\rpgmaker\RTP\Sound\Blow5.wav=
C:\rpgmaker\RTP\Sound\Blow6.wav=
C:\rpgmaker\RTP\Sound\Blow7.wav=
C:\rpgmaker\RTP\Sound\Bow1.wav=
C:\rpgmaker\RTP\Sound\Bow2.wav=
C:\rpgmaker\RTP\Sound\Breast.wav=
C:\rpgmaker\RTP\Sound\Buzzer1.wav=
C:\rpgmaker\RTP\Sound\Buzzer2.wav=
C:\rpgmaker\RTP\Sound\Cansel1.wav=
C:\rpgmaker\RTP\Sound\Cansel2.wav=
C:\rpgmaker\RTP\Sound\Cat.wav=
C:\rpgmaker\RTP\Sound\Chaos.wav=
C:\rpgmaker\RTP\Sound\Chicken.wav=
C:\rpgmaker\RTP\Sound\Clock.wav=
C:\rpgmaker\RTP\Sound\Close1.wav=
C:\rpgmaker\RTP\Sound\Close2.wav=
C:\rpgmaker\RTP\Sound\Cold1.wav=
C:\rpgmaker\RTP\Sound\Cold10.wav=
C:\rpgmaker\RTP\Sound\Cold11.wav=
C:\rpgmaker\RTP\Sound\Cold2.wav=
C:\rpgmaker\RTP\Sound\Cold3.wav=
C:\rpgmaker\RTP\Sound\Cold4.wav=
C:\rpgmaker\RTP\Sound\Cold5.wav=
C:\rpgmaker\RTP\Sound\Cold6.wav=
C:\rpgmaker\RTP\Sound\Cold7.wav=
C:\rpgmaker\RTP\Sound\Cold8.wav=
C:\rpgmaker\RTP\Sound\Cold9.wav=
C:\rpgmaker\RTP\Sound\Cow.wav=
C:\rpgmaker\RTP\Sound\Cursor1.wav=
C:\rpgmaker\RTP\Sound\Cursor2.wav=
C:\rpgmaker\RTP\Sound\Damage1.wav=
C:\rpgmaker\RTP\Sound\Damage2.wav=
C:\rpgmaker\RTP\Sound\Dark1.wav=
C:\rpgmaker\RTP\Sound\Dark2.wav=
C:\rpgmaker\RTP\Sound\Dark3.wav=
C:\rpgmaker\RTP\Sound\Dark4.wav=
C:\rpgmaker\RTP\Sound\Dark5.wav=
C:\rpgmaker\RTP\Sound\Darkness.wav=
C:\rpgmaker\RTP\Sound\Decision1.wav=
C:\rpgmaker\RTP\Sound\Decision2.wav=
C:\rpgmaker\RTP\Sound\Dog.wav=
C:\rpgmaker\RTP\Sound\Down.wav=
C:\rpgmaker\RTP\Sound\Earth1.wav=
C:\rpgmaker\RTP\Sound\Earth10.wav=
C:\rpgmaker\RTP\Sound\Earth2.wav=
C:\rpgmaker\RTP\Sound\Earth3.wav=
C:\rpgmaker\RTP\Sound\Earth4.wav=
C:\rpgmaker\RTP\Sound\Earth5.wav=
C:\rpgmaker\RTP\Sound\Earth6.wav=
C:\rpgmaker\RTP\Sound\Earth7.wav=
C:\rpgmaker\RTP\Sound\Earth8.wav=
C:\rpgmaker\RTP\Sound\Earth9.wav=
C:\rpgmaker\RTP\Sound\Earthquake1.wav=
C:\rpgmaker\RTP\Sound\Earthquake2.wav=
C:\rpgmaker\RTP\Sound\Escape.wav=
C:\rpgmaker\RTP\Sound\Evasion1.wav=
C:\rpgmaker\RTP\Sound\Evasion2.wav=
C:\rpgmaker\RTP\Sound\Explosion1.wav=
C:\rpgmaker\RTP\Sound\Explosion2.wav=
C:\rpgmaker\RTP\Sound\Explosion3.wav=
C:\rpgmaker\RTP\Sound\Explosion4.wav=
C:\rpgmaker\RTP\Sound\Explosion5.wav=
C:\rpgmaker\RTP\Sound\Explosion6.wav=
C:\rpgmaker\RTP\Sound\Explosion7.wav=
C:\rpgmaker\RTP\Sound\Failure1.wav=
C:\rpgmaker\RTP\Sound\Failure2.wav=
C:\rpgmaker\RTP\Sound\Fall1.wav=
C:\rpgmaker\RTP\Sound\Fall2.wav=
C:\rpgmaker\RTP\Sound\Fight1.wav=
C:\rpgmaker\RTP\Sound\Fight2.wav=
C:\rpgmaker\RTP\Sound\Flame1.wav=
C:\rpgmaker\RTP\Sound\Flame2.wav=
C:\rpgmaker\RTP\Sound\Flame3.wav=
C:\rpgmaker\RTP\Sound\Flame4.wav=
C:\rpgmaker\RTP\Sound\Flame5.wav=
C:\rpgmaker\RTP\Sound\Flame6.wav=
C:\rpgmaker\RTP\Sound\Flame7.wav=
C:\rpgmaker\RTP\Sound\Flame8.wav=
C:\rpgmaker\RTP\Sound\Flash1.wav=
C:\rpgmaker\RTP\Sound\Flash2.wav=
C:\rpgmaker\RTP\Sound\Flash3.wav=
C:\rpgmaker\RTP\Sound\Fog1.wav=
C:\rpgmaker\RTP\Sound\Fog2.wav=
C:\rpgmaker\RTP\Sound\Glass.wav=
C:\rpgmaker\RTP\Sound\Holy1.wav=
C:\rpgmaker\RTP\Sound\Holy2.wav=
C:\rpgmaker\RTP\Sound\Holy3.wav=
C:\rpgmaker\RTP\Sound\Holy4.wav=
C:\rpgmaker\RTP\Sound\Holy5.wav=
C:\rpgmaker\RTP\Sound\Holy6.wav=
C:\rpgmaker\RTP\Sound\Holy7.wav=
C:\rpgmaker\RTP\Sound\Holy8.wav=
C:\rpgmaker\RTP\Sound\Holy9.wav=
C:\rpgmaker\RTP\Sound\Horse.wav=
C:\rpgmaker\RTP\Sound\Item1.wav=
C:\rpgmaker\RTP\Sound\Item2.wav=
C:\rpgmaker\RTP\Sound\Jump1.wav=
C:\rpgmaker\RTP\Sound\Jump2.wav=
C:\rpgmaker\RTP\Sound\Key.wav=
C:\rpgmaker\RTP\Sound\Kill1.wav=
C:\rpgmaker\RTP\Sound\Kill10.wav=
C:\rpgmaker\RTP\Sound\Kill11.wav=
C:\rpgmaker\RTP\Sound\Kill2.wav=
C:\rpgmaker\RTP\Sound\Kill3.wav=
C:\rpgmaker\RTP\Sound\Kill4.wav=
C:\rpgmaker\RTP\Sound\Kill5.wav=
C:\rpgmaker\RTP\Sound\Kill6.wav=
C:\rpgmaker\RTP\Sound\Kill7.wav=
C:\rpgmaker\RTP\Sound\Kill8.wav=
C:\rpgmaker\RTP\Sound\Kill9.wav=
C:\rpgmaker\RTP\Sound\Knock.wav=
C:\rpgmaker\RTP\Sound\Lion.wav=
C:\rpgmaker\RTP\Sound\Monster1.wav=
C:\rpgmaker\RTP\Sound\Monster2.wav=
C:\rpgmaker\RTP\Sound\Movement.wav=
C:\rpgmaker\RTP\Sound\Numbness1.wav=
C:\rpgmaker\RTP\Sound\Numbness2.wav=
C:\rpgmaker\RTP\Sound\Numbness3.wav=
C:\rpgmaker\RTP\Sound\Open1.wav=
C:\rpgmaker\RTP\Sound\Open2.wav=
C:\rpgmaker\RTP\Sound\Poison.wav=
C:\rpgmaker\RTP\Sound\Pollen.wav=
C:\rpgmaker\RTP\Sound\Power.wav=
C:\rpgmaker\RTP\Sound\Rain1.wav=
C:\rpgmaker\RTP\Sound\Rain2.wav=
C:\rpgmaker\RTP\Sound\Rebirth1.wav=
C:\rpgmaker\RTP\Sound\Rebirth2.wav=
C:\rpgmaker\RTP\Sound\Rebirth3.wav=
C:\rpgmaker\RTP\Sound\Recovery1.wav=
C:\rpgmaker\RTP\Sound\Recovery2.wav=
C:\rpgmaker\RTP\Sound\Recovery3.wav=
C:\rpgmaker\RTP\Sound\Recovery4.wav=
C:\rpgmaker\RTP\Sound\Recovery5.wav=
C:\rpgmaker\RTP\Sound\Recovery6.wav=
C:\rpgmaker\RTP\Sound\Recovery7.wav=
C:\rpgmaker\RTP\Sound\Recovery8.wav=
C:\rpgmaker\RTP\Sound\Refer Book.wav=
C:\rpgmaker\RTP\Sound\Roar.wav=
C:\rpgmaker\RTP\Sound\Sand Storm.wav=
C:\rpgmaker\RTP\Sound\Sea1.wav=
C:\rpgmaker\RTP\Sound\Sea2.wav=
C:\rpgmaker\RTP\Music\SEclock.wav=
C:\rpgmaker\RTP\Music\SEearthquake.wav=
C:\rpgmaker\RTP\Music\SErain.wav=
C:\rpgmaker\RTP\Music\SErain2.wav=
C:\rpgmaker\RTP\Music\SEsea.wav=
C:\rpgmaker\RTP\Sound\Sheep.wav=
C:\rpgmaker\RTP\Sound\Shot1.wav=
C:\rpgmaker\RTP\Sound\Shot2.wav=
C:\rpgmaker\RTP\Sound\Shot3.wav=
C:\rpgmaker\RTP\Sound\Silence.wav=
C:\rpgmaker\RTP\Sound\Sleep.wav=
C:\rpgmaker\RTP\Sound\Song.wav=
C:\rpgmaker\RTP\Sound\Sonic1.wav=
C:\rpgmaker\RTP\Sound\Sonic2.wav=
C:\rpgmaker\RTP\Sound\Success1.wav=
C:\rpgmaker\RTP\Sound\Success2.wav=
C:\rpgmaker\RTP\Sound\Switch1.wav=
C:\rpgmaker\RTP\Sound\Switch2.wav=
C:\rpgmaker\RTP\Sound\Sword1.wav=
C:\rpgmaker\RTP\Sound\Sword2.wav=
C:\rpgmaker\RTP\Sound\Sword3.wav=
C:\rpgmaker\RTP\Sound\Teleport1.wav=
C:\rpgmaker\RTP\Sound\Teleport2.wav=
C:\rpgmaker\RTP\Sound\Thunder1.wav=
C:\rpgmaker\RTP\Sound\Thunder10.wav=
C:\rpgmaker\RTP\Sound\Thunder2.wav=
C:\rpgmaker\RTP\Sound\Thunder3.wav=
C:\rpgmaker\RTP\Sound\Thunder4.wav=
C:\rpgmaker\RTP\Sound\Thunder5.wav=
C:\rpgmaker\RTP\Sound\Thunder6.wav=
C:\rpgmaker\RTP\Sound\Thunder7.wav=
C:\rpgmaker\RTP\Sound\Thunder8.wav=
C:\rpgmaker\RTP\Sound\Thunder9.wav=
C:\rpgmaker\RTP\Sound\Tiger.wav=
C:\rpgmaker\RTP\Sound\Up.wav=
C:\rpgmaker\RTP\Sound\Wall1.wav=
C:\rpgmaker\RTP\Sound\Wall2.wav=
C:\rpgmaker\RTP\Sound\Water1.wav=
C:\rpgmaker\RTP\Sound\Water2.wav=
C:\rpgmaker\RTP\Sound\Water3.wav=
C:\rpgmaker\RTP\Sound\Water4.wav=
C:\rpgmaker\RTP\Sound\Water5.wav=
C:\rpgmaker\RTP\Sound\Water6.wav=
C:\rpgmaker\RTP\Sound\Wind1.wav=
C:\rpgmaker\RTP\Sound\Wind10.wav=
C:\rpgmaker\RTP\Sound\Wind11.wav=
C:\rpgmaker\RTP\Sound\Wind2.wav=
C:\rpgmaker\RTP\Sound\Wind3.wav=
C:\rpgmaker\RTP\Sound\Wind4.wav=
C:\rpgmaker\RTP\Sound\Wind5.wav=
C:\rpgmaker\RTP\Sound\Wind6.wav=
C:\rpgmaker\RTP\Sound\Wind7.wav=
C:\rpgmaker\RTP\Sound\Wind8.wav=
C:\rpgmaker\RTP\Sound\Wind9.wav=
C:\rpgmaker\RTP\Movie\Babbit.avi=
C:\WINDOWS\Fonts\RM2000.fon=
C:\WINDOWS\Fonts\RMG2000.fon=
C:\rpgmaker\RTP\Music\Anger.mid=
C:\rpgmaker\RTP\Music\Animal.mid=
C:\rpgmaker\RTP\Music\Battle1.mid=
C:\rpgmaker\RTP\Music\Battle2.mid=
C:\rpgmaker\RTP\Music\Battle3.mid=
C:\rpgmaker\RTP\Music\BattleEnd1.mid=
C:\rpgmaker\RTP\Music\BattleEnd2.mid=
C:\rpgmaker\RTP\Music\BattleEnd3.mid=
C:\rpgmaker\RTP\Music\BattleEnd4.mid=
C:\rpgmaker\RTP\Music\Boss1.mid=
C:\rpgmaker\RTP\Music\Boss2.mid=
C:\rpgmaker\RTP\Music\Boss3.mid=
C:\rpgmaker\RTP\Music\Boss4.mid=
C:\rpgmaker\RTP\Music\Castle1.mid=
C:\rpgmaker\RTP\Music\Castle2.mid=
C:\rpgmaker\RTP\Music\Castle3.mid=
C:\rpgmaker\RTP\Music\Church.mid=
C:\rpgmaker\RTP\Music\Crisis.mid=
C:\rpgmaker\RTP\Music\Dark.mid=
C:\rpgmaker\RTP\Music\Devil.mid=
C:\rpgmaker\RTP\Music\Doubt.mid=
C:\rpgmaker\RTP\Music\Dungeon1.mid=
C:\rpgmaker\RTP\Music\Dungeon2.mid=
C:\rpgmaker\RTP\Music\Dungeon3.mid=
C:\rpgmaker\RTP\Music\Dungeon4.mid=
C:\rpgmaker\RTP\Music\Dungeon5.mid=
C:\rpgmaker\RTP\Music\Dungeon6.mid=
C:\rpgmaker\RTP\Music\Dungeon7.mid=
C:\rpgmaker\RTP\Music\Ending1.mid=
C:\rpgmaker\RTP\Music\Ending2.mid=
C:\rpgmaker\RTP\Music\Ending3.mid=
C:\rpgmaker\RTP\Music\Energy.mid=
C:\rpgmaker\RTP\Music\Fairy1.mid=
C:\rpgmaker\RTP\Music\Fairy2.mid=
C:\rpgmaker\RTP\Music\Fanfare1.mid=
C:\rpgmaker\RTP\Music\Fanfare2.mid=
C:\rpgmaker\RTP\Music\Fanfare3.mid=
C:\rpgmaker\RTP\Music\Fanfare4.mid=
C:\rpgmaker\RTP\Music\Fanfare5.mid=
C:\rpgmaker\RTP\Music\Fanfare6.mid=
C:\rpgmaker\RTP\Music\Farewell1.mid=
C:\rpgmaker\RTP\Music\Farewell2.mid=
C:\rpgmaker\RTP\Music\Farewell3.mid=
C:\rpgmaker\RTP\Music\Farewell4.mid=
C:\rpgmaker\RTP\Music\Field1.mid=
C:\rpgmaker\RTP\Music\Field2.mid=
C:\rpgmaker\RTP\Music\Field3.mid=
C:\rpgmaker\RTP\Music\Field4.mid=
C:\rpgmaker\RTP\Music\Fiesta.mid=
C:\rpgmaker\RTP\Music\Gag1.mid=
C:\rpgmaker\RTP\Music\Gag2.mid=
C:\rpgmaker\RTP\Music\GameOver1.mid=
C:\rpgmaker\RTP\Music\GameOver2.mid=
C:\rpgmaker\RTP\Music\GameOver3.mid=
C:\rpgmaker\RTP\Music\Get.mid=
C:\rpgmaker\RTP\Music\GostTown1.mid=
C:\rpgmaker\RTP\Music\GostTown2.mid=
C:\rpgmaker\RTP\Music\Hero1.mid=
C:\rpgmaker\RTP\Music\Hero2.mid=
C:\rpgmaker\RTP\Music\Inn1.mid=
C:\rpgmaker\RTP\Music\Inn2.mid=
C:\rpgmaker\RTP\Music\Inn3.mid=
C:\rpgmaker\RTP\Music\Item.mid=
C:\rpgmaker\RTP\Music\Lose.mid=
C:\rpgmaker\RTP\Music\Mystery1.mid=
C:\rpgmaker\RTP\Music\Mystery2.mid=
C:\rpgmaker\RTP\Music\Mystery3.mid=
C:\rpgmaker\RTP\Music\Mystery4.mid=
C:\rpgmaker\RTP\Music\Night.mid=
C:\rpgmaker\RTP\Music\Opening1.mid=
C:\rpgmaker\RTP\Music\Opening2.mid=
C:\rpgmaker\RTP\Music\Opening3.mid=
C:\rpgmaker\RTP\Music\Peace1.mid=
C:\rpgmaker\RTP\Music\Peace2.mid=
C:\rpgmaker\RTP\Music\Peace3.mid=
C:\rpgmaker\RTP\Music\Pirate1.mid=
C:\rpgmaker\RTP\Music\Pirate2.mid=
C:\rpgmaker\RTP\Music\Pirate3.mid=
C:\rpgmaker\RTP\Music\Pirate4.mid=
C:\rpgmaker\RTP\Music\Riddle.mid=
C:\rpgmaker\RTP\Music\Ride1.mid=
C:\rpgmaker\RTP\Music\Ride2.mid=
C:\rpgmaker\RTP\Music\Ride3.mid=
C:\rpgmaker\RTP\Music\Ride4.mid=
C:\rpgmaker\RTP\Music\Sad.mid=
C:\rpgmaker\RTP\Music\Search.mid=
C:\rpgmaker\RTP\Music\Ship1.mid=
C:\rpgmaker\RTP\Music\Ship2.mid=
C:\rpgmaker\RTP\Music\Ship3.mid=
C:\rpgmaker\RTP\Music\Shop1.mid=
C:\rpgmaker\RTP\Music\Shop2.mid=
C:\rpgmaker\RTP\Music\Shop3.mid=
C:\rpgmaker\RTP\Music\Shop4.mid=
C:\rpgmaker\RTP\Music\Snow.mid=
C:\rpgmaker\RTP\Music\Thief.mid=
C:\rpgmaker\RTP\Music\Tower1.mid=
C:\rpgmaker\RTP\Music\Tower2.mid=
C:\rpgmaker\RTP\Music\Tower3.mid=
C:\rpgmaker\RTP\Music\Town1.mid=
C:\rpgmaker\RTP\Music\Town2.mid=
C:\rpgmaker\RTP\Music\Town3.mid=
C:\rpgmaker\RTP\Music\Treasure.mid=
C:\rpgmaker\RTP\Music\Trial.mid=
C:\rpgmaker\RTP\Music\Village1.mid=
C:\rpgmaker\RTP\Music\Village2.mid=
C:\rpgmaker\RTP\Music\Village3.mid=
C:\rpgmaker\RTP\Battle\Absorption.png=
C:\rpgmaker\RTP\Monster\Angel.png=
C:\rpgmaker\RTP\CharSet\Animal.png=
C:\rpgmaker\RTP\Monster\Aquamen.png=
C:\rpgmaker\RTP\Battle\Arrow.png=
C:\rpgmaker\RTP\Battle\Axe.png=
C:\rpgmaker\RTP\Battle\Barrier.png=
C:\rpgmaker\RTP\ChipSet\Basis.png=
C:\rpgmaker\RTP\Monster\Bat.png=
C:\rpgmaker\RTP\Monster\Bee.png=
C:\rpgmaker\RTP\Monster\BlueDragon.png=
C:\rpgmaker\RTP\Monster\Boy1.png=
C:\rpgmaker\RTP\Monster\Boy3.png=
C:\rpgmaker\RTP\Backdrop\BrickCave5.png=
C:\rpgmaker\RTP\Backdrop\Bridge.png=
C:\rpgmaker\RTP\Backdrop\Canyon.png=
C:\rpgmaker\RTP\Backdrop\Castle.png=
C:\rpgmaker\RTP\Backdrop\Cave1.png=
C:\rpgmaker\RTP\Backdrop\Cave4.png=
C:\rpgmaker\RTP\CharSet\Chara1.png=
C:\rpgmaker\RTP\FaceSet\Chara1.png=
C:\rpgmaker\RTP\CharSet\Chara2.png=
C:\rpgmaker\RTP\FaceSet\Chara2.png=
C:\rpgmaker\RTP\CharSet\Chara3.png=
C:\rpgmaker\RTP\CharSet\Chara4.png=
C:\rpgmaker\RTP\Monster\Chimera.png=
C:\rpgmaker\RTP\ChipSet\ChipSet1.png=
C:\rpgmaker\RTP\ChipSet\ChipSet2.png=
C:\rpgmaker\RTP\ChipSet\ChipSet3.png=
C:\rpgmaker\RTP\CharSet\Chubby1.png=
C:\rpgmaker\RTP\CharSet\Chubby2.png=
C:\rpgmaker\RTP\Monster\CloakDemon.png=
C:\rpgmaker\RTP\Picture\Cloud.png=
C:\rpgmaker\RTP\Battle\Cold.png=
C:\rpgmaker\RTP\CharSet\Crown1.png=
C:\rpgmaker\RTP\CharSet\Crown2.png=
C:\rpgmaker\RTP\CharSet\Crown3.png=
C:\rpgmaker\RTP\CharSet\Crown4.png=
C:\rpgmaker\RTP\CharSet\Crown5.png=
C:\rpgmaker\RTP\CharSet\Crown6.png=
C:\rpgmaker\RTP\CharSet\Crown7.png=
C:\rpgmaker\RTP\Battle\Dark.png=
C:\rpgmaker\RTP\Monster\Darkelf.png=
C:\rpgmaker\RTP\Monster\DarkKnight.png=
C:\rpgmaker\RTP\Monster\DarkRider.png=
C:\rpgmaker\RTP\Monster\DarkSpirit.png=
C:\rpgmaker\RTP\Panorama\Dawn1.png=
C:\rpgmaker\RTP\Panorama\Dawn2.png=
C:\rpgmaker\RTP\Monster\Death.png=
C:\rpgmaker\RTP\Backdrop\Desert.png=
C:\rpgmaker\RTP\Battle\Down.png=
C:\rpgmaker\RTP\Monster\DragonKnight.png=
C:\rpgmaker\RTP\ChipSet\Dungeon.png=
C:\rpgmaker\RTP\Battle\Earth.png=
C:\rpgmaker\RTP\Battle\Etc.png=
C:\rpgmaker\RTP\Panorama\Evening1.png=
C:\rpgmaker\RTP\Panorama\Evening2.png=
C:\rpgmaker\RTP\Battle\Explosion.png=
C:\rpgmaker\RTP\FaceSet\Face1.png=
C:\rpgmaker\RTP\FaceSet\Face2.png=
C:\rpgmaker\RTP\FaceSet\Face3.png=
C:\rpgmaker\RTP\FaceSet\Face4.png=
C:\rpgmaker\RTP\Battle\Fang.png=
C:\rpgmaker\RTP\Battle\Fire1.png=
C:\rpgmaker\RTP\Battle\Fire2.png=
C:\rpgmaker\RTP\Monster\FireScull.png=
C:\rpgmaker\RTP\Monster\Fish.png=
C:\rpgmaker\RTP\Monster\FlyingDemon.png=
C:\rpgmaker\RTP\Backdrop\Forest1.png=
C:\rpgmaker\RTP\Backdrop\Forest2.png=
C:\rpgmaker\RTP\CharSet\Future1.png=
C:\rpgmaker\RTP\CharSet\Future2.png=
C:\rpgmaker\RTP\CharSet\Future3.png=
C:\rpgmaker\RTP\Backdrop\Galaxy.png=
C:\rpgmaker\RTP\Panorama\Galaxy.png=
C:\rpgmaker\RTP\GameOver\GameOver.png=
C:\rpgmaker\RTP\Monster\Gargoyle.png=
C:\rpgmaker\RTP\Monster\Ghost.png=
C:\rpgmaker\RTP\Monster\Girl2.png=
C:\rpgmaker\RTP\Monster\Girl4.png=
C:\rpgmaker\RTP\Monster\Girl6.png=
C:\rpgmaker\RTP\Monster\Gnome.png=
C:\rpgmaker\RTP\Monster\Golem.png=
C:\rpgmaker\RTP\Monster\Granny.png=
C:\rpgmaker\RTP\Backdrop\Grass.png=
C:\rpgmaker\RTP\Backdrop\Greece.png=
C:\rpgmaker\RTP\Monster\GreenDragon1.png=
C:\rpgmaker\RTP\Monster\GreenDragon2.png=
C:\rpgmaker\RTP\Monster\Griphon.png=
C:\rpgmaker\RTP\Monster\Harpy.png=
C:\rpgmaker\RTP\Monster\HellHound.png=
C:\rpgmaker\RTP\Monster\Hero1.png=
C:\rpgmaker\RTP\Monster\Hero2.png=
C:\rpgmaker\RTP\Battle\Hit.png=
C:\rpgmaker\RTP\Monster\Hog.png=
C:\rpgmaker\RTP\Battle\Holy.png=
C:\rpgmaker\RTP\Monster\Hydra.png=
C:\rpgmaker\RTP\Backdrop\IceCave3.png=
C:\rpgmaker\RTP\Monster\Imp.png=
C:\rpgmaker\RTP\ChipSet\Inner.png=
C:\rpgmaker\RTP\Monster\King.png=
C:\rpgmaker\RTP\Backdrop\LavaCave2.png=
C:\rpgmaker\RTP\Backdrop\LightSpeed.png=
C:\rpgmaker\RTP\Monster\Lizardmen.png=
C:\rpgmaker\RTP\Monster\Man5.png=
C:\rpgmaker\RTP\Monster\Medusa.png=
C:\rpgmaker\RTP\CharSet\Men1.png=
C:\rpgmaker\RTP\Monster\Minotaur.png=
C:\rpgmaker\RTP\CharSet\Monster1.png=
C:\rpgmaker\RTP\CharSet\Monster2.png=
C:\rpgmaker\RTP\FaceSet\Monsters.png=
C:\rpgmaker\RTP\Panorama\Morning1.png=
C:\rpgmaker\RTP\Panorama\Morning2.png=
C:\rpgmaker\RTP\Monster\Mummy.png=
C:\rpgmaker\RTP\Panorama\Night1.png=
C:\rpgmaker\RTP\Panorama\Night2.png=
C:\rpgmaker\RTP\Monster\Ninja.png=
C:\rpgmaker\RTP\Monster\Oak.png=
C:\rpgmaker\RTP\CharSet\Object1.png=
C:\rpgmaker\RTP\CharSet\Object2.png=
C:\rpgmaker\RTP\Monster\Octopus.png=
C:\rpgmaker\RTP\Monster\OgreChest.png=
C:\rpgmaker\RTP\Monster\Oldman7.png=
C:\rpgmaker\RTP\ChipSet\Outline.png=
C:\rpgmaker\RTP\Battle\Paralysis.png=
C:\rpgmaker\RTP\CharSet\People1.png=
C:\rpgmaker\RTP\FaceSet\People1.png=
C:\rpgmaker\RTP\FaceSet\People2.png=
C:\rpgmaker\RTP\CharSet\People3.png=
C:\rpgmaker\RTP\CharSet\People4.png=
C:\rpgmaker\RTP\CharSet\People5.png=
C:\rpgmaker\RTP\CharSet\People7.png=
C:\rpgmaker\RTP\Panorama\Planet1.png=
C:\rpgmaker\RTP\Panorama\Planet2.png=
C:\rpgmaker\RTP\Panorama\Planet3.png=
C:\rpgmaker\RTP\Battle\Poison.png=
C:\rpgmaker\RTP\Monster\Princess.png=
C:\rpgmaker\RTP\Battle\Ray.png=
C:\rpgmaker\RTP\Monster\Redscorpion.png=
C:\rpgmaker\RTP\Monster\Rooster.png=
C:\rpgmaker\RTP\System\Royal.png=
C:\rpgmaker\RTP\Monster\Samurai.png=
C:\rpgmaker\RTP\Monster\Satan.png=
C:\rpgmaker\RTP\Backdrop\Sea.png=
C:\rpgmaker\RTP\Backdrop\SeaBeach.png=
C:\rpgmaker\RTP\Backdrop\Ship.png=
C:\rpgmaker\RTP\ChipSet\Ship.png=
C:\rpgmaker\RTP\Monster\Skeleton.png=
C:\rpgmaker\RTP\Backdrop\Sky.png=
C:\rpgmaker\RTP\Monster\Slime.png=
C:\rpgmaker\RTP\Monster\Snake.png=
C:\rpgmaker\RTP\Backdrop\Snow.png=
C:\rpgmaker\RTP\Backdrop\SnowCanyon.png=
C:\rpgmaker\RTP\Battle\Spear.png=
C:\rpgmaker\RTP\Battle\Sphere.png=
C:\rpgmaker\RTP\Monster\Spider.png=
C:\rpgmaker\RTP\Battle\Sun.png=
C:\rpgmaker\RTP\Backdrop\Swamp.png=
C:\rpgmaker\RTP\Battle\Sword1.png=
C:\rpgmaker\RTP\Battle\Sword2.png=
C:\rpgmaker\RTP\System\System.png=
C:\rpgmaker\RTP\Monster\Thief.png=
C:\rpgmaker\RTP\Title\Title1.png=
C:\rpgmaker\RTP\Title\Title2.png=
C:\rpgmaker\RTP\Title\Title3.png=
C:\rpgmaker\RTP\Title\Title4.png=
C:\rpgmaker\RTP\Backdrop\Town.png=
C:\rpgmaker\RTP\Monster\Troll.png=
C:\rpgmaker\RTP\Battle\Up.png=
C:\rpgmaker\RTP\Monster\Vampire.png=
C:\rpgmaker\RTP\CharSet\Vehicle.png=
C:\rpgmaker\RTP\Monster\Warrior.png=
C:\rpgmaker\RTP\Backdrop\WasteLand.png=
C:\rpgmaker\RTP\Backdrop\WasteRuins.png=
C:\rpgmaker\RTP\Battle\Water.png=
C:\rpgmaker\RTP\Panorama\Weird.png=
C:\rpgmaker\RTP\Battle\Whip.png=
C:\rpgmaker\RTP\Battle\Wind.png=
C:\rpgmaker\RTP\Monster\Witch1.png=
C:\rpgmaker\RTP\Monster\Witch2.png=
C:\rpgmaker\RTP\Monster\Wolf.png=
C:\rpgmaker\RTP\Monster\Wolfman.png=
C:\rpgmaker\RTP\CharSet\Women1.png=
C:\rpgmaker\RTP\Battle\Zip.png=
C:\rpgmaker\RTP\Monster\Zombie.png=

[CreateKeys]
HKLM\SOFTWARE\Microsoft\Windows\CurrentVersion\Uninstall\RTP for RM2K (Png, Wav, Midi, Fonts)=

[AddReg]
HKCU\SOFTWARE\ASCII\RPG2000\RuntimePackagePath=C:\rpgmaker\RTP

[RegFonts]
C:\WINDOWS\Fonts\RM2000.fon=
C:\WINDOWS\Fonts\RMG2000.fon=

[Strings]
1=Uninstall application
2=Installation log file was not specified!
3=Installation log file %s not found!
4=Are you sure you want to completely remove the selected application and all of its components?
5=Application uninstall finished.
6=Removing files...
7=Removing registry values...
8=Removing registry keys...
9=Removing ini entries...
10=Removing shortcuts...
11=Removing directories...
12=Unregister OLE servers...
13=Unregister fonts...
14=Checking shared files...
15=Remove shared file?
16=The system indicates that the following shared file is no longer used by any programs.  If any programs are still using this file and it is removed, those programs may not function.  Are you sure you want to remove the shared file?||||Leaving this file will not harm your system.  If you are not sure what to do, it is suggested that you choose to not remove this shared component.
17=File name:
18=Located in:
19=Yes
20=Yes to all
21=No
22=No to all

